Case #1: 
c.........
Case #2: 
c........*
Case #3: 
c.......**
Case #4: 
c......***
Case #5: 
c.....****
Case #6: 
c....*****
Case #7: 
c...******
Case #8: 
c..*******
Case #9: 
c.********
Case #10: 
c*********
Case #11: 
Impossible
Case #12: 
c.........
..........
Case #13: 
Impossible
Case #14: 
c........*
.........*
Case #15: 
Impossible
Case #16: 
c.......**
........**
Case #17: 
Impossible
Case #18: 
c......***
.......***
Case #19: 
Impossible
Case #20: 
c.....****
......****
Case #21: 
Impossible
Case #22: 
c....*****
.....*****
Case #23: 
Impossible
Case #24: 
c...******
....******
Case #25: 
Impossible
Case #26: 
c..*******
...*******
Case #27: 
Impossible
Case #28: 
c.********
..********
Case #29: 
Impossible
Case #30: 
Impossible
Case #31: 
c*********
**********
Case #32: 
Impossible
Case #33: 
c.........
..........
..........
Case #34: 
c.........
..........
.........*
Case #35: 
c.........
..........
........**
Case #36: 
c........*
.........*
.........*
Case #37: 
c........*
.........*
........**
Case #38: 
c........*
.........*
.......***
Case #39: 
c.......**
........**
........**
Case #40: 
c.......**
........**
.......***
Case #41: 
c.......**
........**
......****
Case #42: 
c......***
.......***
.......***
Case #43: 
c......***
.......***
......****
Case #44: 
c......***
.......***
.....*****
Case #45: 
c.....****
......****
......****
Case #46: 
c.....****
......****
.....*****
Case #47: 
c.....****
......****
....******
Case #48: 
c....*****
.....*****
.....*****
Case #49: 
c....*****
.....*****
....******
Case #50: 
c....*****
.....*****
...*******
Case #51: 
c...******
....******
....******
Case #52: 
c...******
....******
...*******
Case #53: 
c...******
....******
..********
Case #54: 
c..*******
...*******
...*******
Case #55: 
c..*******
...*******
..********
Case #56: 
Impossible
Case #57: 
c..*******
...*******
**********
Case #58: 
Impossible
Case #59: 
c.********
..********
**********
Case #60: 
Impossible
Case #61: 
Impossible
Case #62: 
c*********
**********
**********
Case #63: 
Impossible
Case #64: 
c.........
..........
..........
..........
Case #65: 
c.........
..........
..........
.........*
Case #66: 
c.........
..........
..........
........**
Case #67: 
c.........
..........
..........
.......***
Case #68: 
c.........
..........
..........
......****
Case #69: 
c.........
..........
..........
.....*****
Case #70: 
c.........
..........
..........
....******
Case #71: 
c.........
..........
..........
...*******
Case #72: 
c.........
..........
..........
..********
Case #73: 
c.........
..........
.........*
..********
Case #74: 
c.........
..........
..........
**********
Case #75: 
c.........
..........
.........*
**********
Case #76: 
c.........
..........
........**
**********
Case #77: 
c........*
.........*
.........*
**********
Case #78: 
c........*
.........*
........**
**********
Case #79: 
c........*
.........*
.......***
**********
Case #80: 
c.......**
........**
........**
**********
Case #81: 
c.......**
........**
.......***
**********
Case #82: 
c.......**
........**
......****
**********
Case #83: 
c......***
.......***
.......***
**********
Case #84: 
c......***
.......***
......****
**********
Case #85: 
c......***
.......***
.....*****
**********
Case #86: 
c.....****
......****
......****
**********
Case #87: 
c.....****
......****
.....*****
**********
Case #88: 
c.....****
......****
....******
**********
Case #89: 
c....*****
.....*****
.....*****
**********
Case #90: 
c....*****
.....*****
....******
**********
Case #91: 
c....*****
.....*****
...*******
**********
Case #92: 
c...******
....******
....******
**********
Case #93: 
c...******
....******
...*******
**********
Case #94: 
c...******
....******
..********
**********
Case #95: 
c..*******
...*******
...*******
**********
Case #96: 
c..*******
...*******
..********
**********
Case #97: 
Impossible
Case #98: 
c..*******
...*******
**********
**********
Case #99: 
Impossible
Case #100: 
c.********
..********
**********
**********
Case #101: 
Impossible
Case #102: 
Impossible
Case #103: 
c*********
**********
**********
**********
Case #104: 
Impossible
